#-----------------------------------------------------------
# PlanAhead v14.7 (64-bit)
# Build 321239 by xbuild on Fri Sep 27 19:29:51 MDT 2013
# Start of session at: Tue Sep 29 10:17:52 2015
# Process ID: 388
# Log file: C:/SPB_Data/version-control/XilinxProjects/TortillaMachine/planAhead_run_1/planAhead.log
# Journal file: C:/SPB_Data/version-control/XilinxProjects/TortillaMachine/planAhead_run_1/planAhead.jou
#-----------------------------------------------------------
INFO: [Common 17-78] Attempting to get a license: PlanAhead
INFO: [Common 17-290] Got license for PlanAhead
INFO: [Device 21-36] Loading parts and site information from C:/Xilinx/14.7/ISE_DS/PlanAhead/data/parts/arch.xml
Parsing RTL primitives file [C:/Xilinx/14.7/ISE_DS/PlanAhead/data/parts/xilinx/rtl/prims/rtl_prims.xml]
Finished parsing RTL primitives file [C:/Xilinx/14.7/ISE_DS/PlanAhead/data/parts/xilinx/rtl/prims/rtl_prims.xml]
start_gui
source C:/SPB_Data/version-control/XilinxProjects/TortillaMachine/pa.fromNetlist.tcl
# create_project -name TortillaMachine -dir "C:/SPB_Data/version-control/XilinxProjects/TortillaMachine/planAhead_run_2" -part xc3s1200efg320-4
create_project: Time (s): elapsed = 00:00:08 . Memory (MB): peak = 453.031 ; gain = 61.824
# set_property design_mode GateLvl [get_property srcset [current_run -impl]]
# set_property edif_top_file "C:/SPB_Data/version-control/XilinxProjects/TortillaMachine/main.ngc" [ get_property srcset [ current_run ] ]
# add_files -norecurse { {C:/SPB_Data/version-control/XilinxProjects/TortillaMachine} }
# set_param project.pinAheadLayout  yes
# set_property target_constrs_file "main.ucf" [current_fileset -constrset]
Adding file 'C:/SPB_Data/version-control/XilinxProjects/TortillaMachine/main.ucf' to fileset 'constrs_1'
# add_files [list {main.ucf}] -fileset [get_property constrset [current_run]]
# link_design
Design is defaulting to srcset: sources_1
Design is defaulting to constrset: constrs_1
Design is defaulting to project part: xc3s1200efg320-4
WARNING: [Common 17-175] Failed to make directory to contain cached edif files [C:/SPB_Data/version-control/XilinxProjects/TortillaMachine/planAhead_run_2/TortillaMachine.data/cache]
Release 14.7 - ngc2edif P.20131013 (nt64)
Copyright (c) 1995-2013 Xilinx, Inc.  All rights reserved.
Reading design main.ngc ...
WARNING:NetListWriters:298 - No output is written to main.xncf, ignored.
Processing design ...
   Preping design's networks ...
   Preping design's macros ...
  finished :Prep
Writing EDIF netlist file main.edif ...
ngc2edif: Total memory usage is 80024 kilobytes

Parsing EDIF File [./.Xil/PlanAhead-388-home-atnxelf8k6/ngc2edif/main.edif]
Finished Parsing EDIF File [./.Xil/PlanAhead-388-home-atnxelf8k6/ngc2edif/main.edif]
INFO: [Designutils 20-910] Reading macro library C:/Xilinx/14.7/ISE_DS/PlanAhead/data\./parts/xilinx/spartan3e/spartan3e/hd_int_macros.edn
Parsing EDIF File [C:/Xilinx/14.7/ISE_DS/PlanAhead/data\./parts/xilinx/spartan3e/spartan3e/hd_int_macros.edn]
Finished Parsing EDIF File [C:/Xilinx/14.7/ISE_DS/PlanAhead/data\./parts/xilinx/spartan3e/spartan3e/hd_int_macros.edn]
Loading clock regions from C:/Xilinx/14.7/ISE_DS/PlanAhead/data\parts/xilinx/spartan3e/spartan3e/xc3s1200e/ClockRegion.xml
Loading clock buffers from C:/Xilinx/14.7/ISE_DS/PlanAhead/data\parts/xilinx/spartan3e/spartan3e/xc3s1200e/ClockBuffers.xml
Loading package from C:/Xilinx/14.7/ISE_DS/PlanAhead/data\parts/xilinx/spartan3e/spartan3e/xc3s1200e/fg320/Package.xml
Loading io standards from C:/Xilinx/14.7/ISE_DS/PlanAhead/data\./parts/xilinx/spartan3e/IOStandards.xml
INFO: [Device 21-19] Loading pkg sso from C:/Xilinx/14.7/ISE_DS/PlanAhead/data\parts/xilinx/spartan3e/spartan3e/xc3s1200e/fg320/SSORules.xml
Loading list of drcs for the architecture : C:/Xilinx/14.7/ISE_DS/PlanAhead/data\./parts/xilinx/spartan3e/spartan3e/drc.xml
INFO: [Timing 38-77] Reading timing library C:/Xilinx/14.7/ISE_DS/PlanAhead/data\parts/xilinx/spartan3e/spartan3e/spartan3e-4.lib.
INFO: [Timing 38-34] Done reading timing library C:/Xilinx/14.7/ISE_DS/PlanAhead/data\parts/xilinx/spartan3e/spartan3e/spartan3e-4.lib.
Parsing UCF File [C:/SPB_Data/version-control/XilinxProjects/TortillaMachine/main.ucf]
Finished Parsing UCF File [C:/SPB_Data/version-control/XilinxProjects/TortillaMachine/main.ucf]
INFO: [Project 1-111] Unisim Transformation Summary:
No Unisim elements were transformed.

Phase 0 | Netlist Checksum: 7443dab2
link_design: Time (s): elapsed = 00:00:30 . Memory (MB): peak = 574.723 ; gain = 120.305
exit
ERROR: [PlanAhead 12-106] *** Exception: ui.h.b: Found deleted key in HTclEventBroker. Verify if the classes listed here call cleanup()
HTclEvent: SIGNAL_MODIFY   Classes: ui.views.aR 
HTclEvent: DEBUG_CORE_CONFIG_CHANGE   Classes: ui.views.aR 
HTclEvent: DEBUG_PORT_CONFIG_CHANGE   Classes: ui.views.aR 
HTclEvent: SIGNAL_BUS_MODIFY   Classes: ui.views.aR 
 (See C:/SPB_Data/version-control/XilinxProjects/TortillaMachine\planAhead_pid388.debug)
ERROR: [Common 17-39] 'stop_gui' failed due to earlier errors.
INFO: [Common 17-206] Exiting PlanAhead at Tue Sep 29 11:06:33 2015...
INFO: [Common 17-83] Releasing license: PlanAhead
